<?xml version="1.0" encoding="UTF-8"?>
<!-- Generated by org.testng.reporters.JUnitReportReporter -->
<testsuite hostname="DESKTOP-RLICJK5" failures="0" tests="1" name="Practise_Exer.day2" time="0.003" errors="0" timestamp="2023-01-16T09:37:58 IST" skipped="0">
  <testcase classname="Practise_Exer.day2" name="dataProvider" time="0.003"/>
  <system-out/>
</testsuite> <!-- Practise_Exer.day2 -->
