<?xml version="1.0" encoding="UTF-8"?>
<!-- Generated by org.testng.reporters.JUnitReportReporter -->
<testsuite hostname="DESKTOP-RLICJK5" failures="0" tests="2" name="Practise_Exer.TestNGExamples" time="0.022" errors="0" timestamp="2023-01-16T05:36:53 IST" skipped="0">
  <testcase classname="Practise_Exer.TestNGExamples" name="demo1" time="0.004"/>
  <system-out/>
  <testcase classname="Practise_Exer.TestNGExamples" name="dataProvider" time="0.018"/>
  <system-out/>
</testsuite> <!-- Practise_Exer.TestNGExamples -->
