<?xml version="1.0" encoding="UTF-8"?>
<!-- Generated by org.testng.reporters.JUnitReportReporter -->
<testsuite hostname="DESKTOP-RLICJK5" failures="0" tests="1" name="Practise_Exer.TestNGExamples1" time="0.014" errors="0" timestamp="2023-01-16T05:50:52 IST" skipped="0">
  <testcase classname="Practise_Exer.TestNGExamples1" name="dataProvider" time="0.014"/>
  <system-out/>
</testsuite> <!-- Practise_Exer.TestNGExamples1 -->
